<?xml version="1.0" encoding="UTF-8"?>
<testsuite xmlns:xsi="http://www.w3.org/2001/XMLSchema-instance" xsi:noNamespaceSchemaLocation="https://maven.apache.org/surefire/maven-surefire-plugin/xsd/surefire-test-report-3.0.xsd" version="3.0" name="grid.MainTest" time="1.587" tests="1" errors="0" skipped="0" failures="0">
  <properties>
[...]
</properties>
  <testcase name="testHelloWorld" classname="grid.MainTest" time="0.472">
    <system-out><![CDATA[2022.07.12 21:45:31 INFO io.helidon.common.LogConfig Thread[main,5,main]: Logging at initialization configured using C:\Users\user\Downloads\boom\freed\target\classes\logging.properties
2022.07.12 21:45:31 INFO io.helidon.common.HelidonFeatures Thread[features-thread,5,main]: Helidon SE 2.3.1 features: [Config, Health, Metrics, Web Client, WebServer]
2022.07.12 21:45:31 INFO io.helidon.common.HelidonFeatures.experimental Thread[features-thread,5,main]: You are using experimental features. These APIs may change, please follow changelog!
2022.07.12 21:45:31 INFO io.helidon.common.HelidonFeatures.experimental Thread[features-thread,5,main]: 	Experimental feature: Web Client (WebClient)
2022.07.12 21:45:32 INFO io.helidon.webserver.NettyWebServer Thread[nioEventLoopGroup-2-1,10,main]: Channel '@default' started: [id: 0x4367834b, L:/[0:0:0:0:0:0:0:0]:8080]
WEB server is up! http://localhost:8080/greet
]]></system-out>
  </testcase>
</testsuite>